[0.011s] Invoking command in '/home/chloee/advanced-tutorial/build/homework': CMAKE_PREFIX_PATH=${CMAKE_PREFIX_PATH}:/opt/ros/humble /usr/bin/cmake /home/chloee/advanced-tutorial/src/homework -DCMAKE_INSTALL_PREFIX=/home/chloee/advanced-tutorial/install/homework
[0.125s] -- The C compiler identification is GNU 11.4.0
[0.228s] -- The CXX compiler identification is GNU 11.4.0
[0.241s] -- Detecting C compiler ABI info
[0.305s] -- Detecting C compiler ABI info - done
[0.316s] -- Check for working C compiler: /usr/lib/ccache/cc - skipped
[0.316s] -- Detecting C compile features
[0.317s] -- Detecting C compile features - done
[0.321s] -- Detecting CXX compiler ABI info
[0.399s] -- Detecting CXX compiler ABI info - done
[0.410s] -- Check for working CXX compiler: /usr/lib/ccache/c++ - skipped
[0.411s] -- Detecting CXX compile features
[0.411s] -- Detecting CXX compile features - done
[0.416s] -- Found ament_cmake: 1.3.10 (/opt/ros/humble/share/ament_cmake/cmake)
[0.577s] -- Found Python3: /usr/bin/python3 (found version "3.10.12") found components: Interpreter 
[0.665s] -- Found geometry_msgs: 4.2.4 (/opt/ros/humble/share/geometry_msgs/cmake)
[0.700s] -- Found rosidl_generator_c: 3.1.5 (/opt/ros/humble/share/rosidl_generator_c/cmake)
[0.705s] -- Found rosidl_adapter: 3.1.5 (/opt/ros/humble/share/rosidl_adapter/cmake)
[0.713s] -- Found rosidl_generator_cpp: 3.1.5 (/opt/ros/humble/share/rosidl_generator_cpp/cmake)
[0.726s] -- Using all available rosidl_typesupport_c: rosidl_typesupport_fastrtps_c;rosidl_typesupport_introspection_c
[0.743s] -- Using all available rosidl_typesupport_cpp: rosidl_typesupport_fastrtps_cpp;rosidl_typesupport_introspection_cpp
[0.783s] -- Found rclcpp: 16.0.10 (/opt/ros/humble/share/rclcpp/cmake)
[0.822s] -- Found rmw_implementation_cmake: 6.1.2 (/opt/ros/humble/share/rmw_implementation_cmake/cmake)
[0.824s] -- Found rmw_fastrtps_cpp: 6.2.7 (/opt/ros/humble/share/rmw_fastrtps_cpp/cmake)
[0.911s] -- Found OpenSSL: /usr/lib/x86_64-linux-gnu/libcrypto.so (found version "3.0.2")  
[0.942s] -- Found FastRTPS: /opt/ros/humble/include  
[0.996s] -- Using RMW implementation 'rmw_fastrtps_cpp' as default
[1.004s] -- Looking for pthread.h
[1.069s] -- Looking for pthread.h - found
[1.069s] -- Performing Test CMAKE_HAVE_LIBC_PTHREAD
[1.126s] -- Performing Test CMAKE_HAVE_LIBC_PTHREAD - Success
[1.128s] -- Found Threads: TRUE  
[1.171s] -- Found sensor_msgs: 4.2.4 (/opt/ros/humble/share/sensor_msgs/cmake)
[1.189s] -- Found ros_gz_interfaces: 0.244.11 (/opt/ros/humble/share/ros_gz_interfaces/cmake)
[1.208s] -- Found ament_lint_auto: 0.12.11 (/opt/ros/humble/share/ament_lint_auto/cmake)
[1.304s] -- Added test 'cppcheck' to perform static code analysis on C / C++ code
[1.304s] -- Configured cppcheck include dirs: 
[1.304s] -- Configured cppcheck exclude dirs and/or files: 
[1.305s] -- Added test 'lint_cmake' to check CMake code style
[1.306s] -- Added test 'uncrustify' to check C / C++ code style
[1.306s] -- Configured uncrustify additional arguments: 
[1.307s] -- Added test 'xmllint' to check XML markup files
[1.309s] -- Configuring done
[1.319s] -- Generating done
[1.320s] -- Build files have been written to: /home/chloee/advanced-tutorial/build/homework
[1.330s] Invoked command in '/home/chloee/advanced-tutorial/build/homework' returned '0': CMAKE_PREFIX_PATH=${CMAKE_PREFIX_PATH}:/opt/ros/humble /usr/bin/cmake /home/chloee/advanced-tutorial/src/homework -DCMAKE_INSTALL_PREFIX=/home/chloee/advanced-tutorial/install/homework
[1.331s] Invoking command in '/home/chloee/advanced-tutorial/build/homework': CMAKE_PREFIX_PATH=${CMAKE_PREFIX_PATH}:/opt/ros/humble /usr/bin/cmake --build /home/chloee/advanced-tutorial/build/homework -- -j8 -l8
[1.380s] [ 50%] [32mBuilding CXX object CMakeFiles/control.dir/src/control.cpp.o[0m
[1.513s] [100%] [32m[1mLinking CXX executable control[0m
[2.329s] [100%] Built target control
[2.339s] Invoked command in '/home/chloee/advanced-tutorial/build/homework' returned '0': CMAKE_PREFIX_PATH=${CMAKE_PREFIX_PATH}:/opt/ros/humble /usr/bin/cmake --build /home/chloee/advanced-tutorial/build/homework -- -j8 -l8
[2.371s] Invoking command in '/home/chloee/advanced-tutorial/build/homework': CMAKE_PREFIX_PATH=${CMAKE_PREFIX_PATH}:/opt/ros/humble /usr/bin/cmake --install /home/chloee/advanced-tutorial/build/homework
[2.378s] -- Install configuration: ""
[2.378s] -- Installing: /home/chloee/advanced-tutorial/install/homework/lib/homework/control
[2.383s] -- Set runtime path of "/home/chloee/advanced-tutorial/install/homework/lib/homework/control" to ""
[2.383s] -- Installing: /home/chloee/advanced-tutorial/install/homework/share/ament_index/resource_index/package_run_dependencies/homework
[2.383s] -- Installing: /home/chloee/advanced-tutorial/install/homework/share/ament_index/resource_index/parent_prefix_path/homework
[2.383s] -- Installing: /home/chloee/advanced-tutorial/install/homework/share/homework/environment/ament_prefix_path.sh
[2.383s] -- Installing: /home/chloee/advanced-tutorial/install/homework/share/homework/environment/ament_prefix_path.dsv
[2.383s] -- Installing: /home/chloee/advanced-tutorial/install/homework/share/homework/environment/path.sh
[2.384s] -- Installing: /home/chloee/advanced-tutorial/install/homework/share/homework/environment/path.dsv
[2.384s] -- Installing: /home/chloee/advanced-tutorial/install/homework/share/homework/local_setup.bash
[2.384s] -- Installing: /home/chloee/advanced-tutorial/install/homework/share/homework/local_setup.sh
[2.384s] -- Installing: /home/chloee/advanced-tutorial/install/homework/share/homework/local_setup.zsh
[2.384s] -- Installing: /home/chloee/advanced-tutorial/install/homework/share/homework/local_setup.dsv
[2.385s] -- Installing: /home/chloee/advanced-tutorial/install/homework/share/homework/package.dsv
[2.385s] -- Installing: /home/chloee/advanced-tutorial/install/homework/share/ament_index/resource_index/packages/homework
[2.385s] -- Installing: /home/chloee/advanced-tutorial/install/homework/share/homework/cmake/homeworkConfig.cmake
[2.385s] -- Installing: /home/chloee/advanced-tutorial/install/homework/share/homework/cmake/homeworkConfig-version.cmake
[2.385s] -- Installing: /home/chloee/advanced-tutorial/install/homework/share/homework/package.xml
[2.387s] Invoked command in '/home/chloee/advanced-tutorial/build/homework' returned '0': CMAKE_PREFIX_PATH=${CMAKE_PREFIX_PATH}:/opt/ros/humble /usr/bin/cmake --install /home/chloee/advanced-tutorial/build/homework
