[0.067s] DEBUG:colcon:Command line arguments: ['/usr/bin/colcon', 'build']
[0.067s] DEBUG:colcon:Parsed command line arguments: Namespace(log_base=None, log_level=None, verb_name='build', build_base='build', install_base='install', merge_install=False, symlink_install=False, test_result_base=None, continue_on_error=False, executor='parallel', parallel_workers=8, event_handlers=None, ignore_user_meta=False, metas=['./colcon.meta'], base_paths=['.'], packages_ignore=None, packages_ignore_regex=None, paths=None, packages_up_to=None, packages_up_to_regex=None, packages_above=None, packages_above_and_dependencies=None, packages_above_depth=None, packages_select_by_dep=None, packages_skip_by_dep=None, packages_skip_up_to=None, packages_select_build_failed=False, packages_skip_build_finished=False, packages_select_test_failures=False, packages_skip_test_passed=False, packages_select=None, packages_skip=None, packages_select_regex=None, packages_skip_regex=None, packages_start=None, packages_end=None, allow_overriding=[], cmake_args=None, cmake_target=None, cmake_target_skip_unavailable=False, cmake_clean_cache=False, cmake_clean_first=False, cmake_force_configure=False, ament_cmake_args=None, catkin_cmake_args=None, catkin_skip_building_tests=False, mixin_files=None, mixin=None, verb_parser=<colcon_mixin.mixin.mixin_argument.MixinArgumentDecorator object at 0x7166dde43a00>, verb_extension=<colcon_core.verb.build.BuildVerb object at 0x7166dde43340>, main=<bound method BuildVerb.main of <colcon_core.verb.build.BuildVerb object at 0x7166dde43340>>, mixin_verb=('build',))
[0.200s] Level 1:colcon.colcon_core.package_discovery:discover_packages(colcon_meta) check parameters
[0.201s] Level 1:colcon.colcon_core.package_discovery:discover_packages(recursive) check parameters
[0.201s] Level 1:colcon.colcon_core.package_discovery:discover_packages(ignore) check parameters
[0.201s] Level 1:colcon.colcon_core.package_discovery:discover_packages(path) check parameters
[0.201s] Level 1:colcon.colcon_core.package_discovery:discover_packages(colcon_meta) discover
[0.201s] Level 1:colcon.colcon_core.package_discovery:discover_packages(recursive) discover
[0.201s] INFO:colcon.colcon_core.package_discovery:Crawling recursively for packages in '/home/chloee/advanced-tutorial'
[0.201s] Level 1:colcon.colcon_core.package_identification:_identify(.) by extensions ['ignore', 'ignore_ament_install']
[0.201s] Level 1:colcon.colcon_core.package_identification:_identify(.) by extension 'ignore'
[0.201s] Level 1:colcon.colcon_core.package_identification:_identify(.) by extension 'ignore_ament_install'
[0.201s] Level 1:colcon.colcon_core.package_identification:_identify(.) by extensions ['colcon_pkg']
[0.201s] Level 1:colcon.colcon_core.package_identification:_identify(.) by extension 'colcon_pkg'
[0.201s] Level 1:colcon.colcon_core.package_identification:_identify(.) by extensions ['colcon_meta']
[0.201s] Level 1:colcon.colcon_core.package_identification:_identify(.) by extension 'colcon_meta'
[0.201s] Level 1:colcon.colcon_core.package_identification:_identify(.) by extensions ['ros']
[0.201s] Level 1:colcon.colcon_core.package_identification:_identify(.) by extension 'ros'
[0.208s] Level 1:colcon.colcon_core.package_identification:_identify(.) by extensions ['cmake', 'python']
[0.208s] Level 1:colcon.colcon_core.package_identification:_identify(.) by extension 'cmake'
[0.209s] Level 1:colcon.colcon_core.package_identification:_identify(.) by extension 'python'
[0.209s] Level 1:colcon.colcon_core.package_identification:_identify(.) by extensions ['python_setup_py']
[0.209s] Level 1:colcon.colcon_core.package_identification:_identify(.) by extension 'python_setup_py'
[0.209s] Level 1:colcon.colcon_core.package_identification:_identify(build) by extensions ['ignore', 'ignore_ament_install']
[0.209s] Level 1:colcon.colcon_core.package_identification:_identify(build) by extension 'ignore'
[0.209s] Level 1:colcon.colcon_core.package_identification:_identify(build) ignored
[0.209s] Level 1:colcon.colcon_core.package_identification:_identify(install) by extensions ['ignore', 'ignore_ament_install']
[0.209s] Level 1:colcon.colcon_core.package_identification:_identify(install) by extension 'ignore'
[0.209s] Level 1:colcon.colcon_core.package_identification:_identify(install) ignored
[0.209s] Level 1:colcon.colcon_core.package_identification:_identify(log) by extensions ['ignore', 'ignore_ament_install']
[0.209s] Level 1:colcon.colcon_core.package_identification:_identify(log) by extension 'ignore'
[0.209s] Level 1:colcon.colcon_core.package_identification:_identify(log) ignored
[0.209s] Level 1:colcon.colcon_core.package_identification:_identify(src) by extensions ['ignore', 'ignore_ament_install']
[0.209s] Level 1:colcon.colcon_core.package_identification:_identify(src) by extension 'ignore'
[0.209s] Level 1:colcon.colcon_core.package_identification:_identify(src) by extension 'ignore_ament_install'
[0.210s] Level 1:colcon.colcon_core.package_identification:_identify(src) by extensions ['colcon_pkg']
[0.210s] Level 1:colcon.colcon_core.package_identification:_identify(src) by extension 'colcon_pkg'
[0.210s] Level 1:colcon.colcon_core.package_identification:_identify(src) by extensions ['colcon_meta']
[0.210s] Level 1:colcon.colcon_core.package_identification:_identify(src) by extension 'colcon_meta'
[0.210s] Level 1:colcon.colcon_core.package_identification:_identify(src) by extensions ['ros']
[0.210s] Level 1:colcon.colcon_core.package_identification:_identify(src) by extension 'ros'
[0.210s] Level 1:colcon.colcon_core.package_identification:_identify(src) by extensions ['cmake', 'python']
[0.210s] Level 1:colcon.colcon_core.package_identification:_identify(src) by extension 'cmake'
[0.210s] Level 1:colcon.colcon_core.package_identification:_identify(src) by extension 'python'
[0.210s] Level 1:colcon.colcon_core.package_identification:_identify(src) by extensions ['python_setup_py']
[0.210s] Level 1:colcon.colcon_core.package_identification:_identify(src) by extension 'python_setup_py'
[0.210s] Level 1:colcon.colcon_core.package_identification:_identify(src/homework) by extensions ['ignore', 'ignore_ament_install']
[0.210s] Level 1:colcon.colcon_core.package_identification:_identify(src/homework) by extension 'ignore'
[0.210s] Level 1:colcon.colcon_core.package_identification:_identify(src/homework) by extension 'ignore_ament_install'
[0.210s] Level 1:colcon.colcon_core.package_identification:_identify(src/homework) by extensions ['colcon_pkg']
[0.210s] Level 1:colcon.colcon_core.package_identification:_identify(src/homework) by extension 'colcon_pkg'
[0.210s] Level 1:colcon.colcon_core.package_identification:_identify(src/homework) by extensions ['colcon_meta']
[0.210s] Level 1:colcon.colcon_core.package_identification:_identify(src/homework) by extension 'colcon_meta'
[0.210s] Level 1:colcon.colcon_core.package_identification:_identify(src/homework) by extensions ['ros']
[0.210s] Level 1:colcon.colcon_core.package_identification:_identify(src/homework) by extension 'ros'
[0.262s] DEBUG:colcon.colcon_core.package_identification:Package 'src/homework' with type 'ros.ament_cmake' and name 'my_cpp_pkg'
[0.263s] Level 1:colcon.colcon_core.package_discovery:discover_packages(recursive) using defaults
[0.263s] Level 1:colcon.colcon_core.package_discovery:discover_packages(ignore) discover
[0.263s] Level 1:colcon.colcon_core.package_discovery:discover_packages(ignore) using defaults
[0.263s] Level 1:colcon.colcon_core.package_discovery:discover_packages(path) discover
[0.263s] Level 1:colcon.colcon_core.package_discovery:discover_packages(path) using defaults
[0.275s] Level 1:colcon.colcon_core.package_discovery:discover_packages(prefix_path) check parameters
[0.275s] Level 1:colcon.colcon_core.package_discovery:discover_packages(prefix_path) discover
[0.276s] WARNING:colcon.colcon_ros.prefix_path.ament:The path '/home/chloee/advanced-tutorial/install/homework' in the environment variable AMENT_PREFIX_PATH doesn't exist
[0.276s] WARNING:colcon.colcon_ros.prefix_path.catkin:The path '/home/chloee/advanced-tutorial/install/homework' in the environment variable CMAKE_PREFIX_PATH doesn't exist
[0.277s] DEBUG:colcon.colcon_installed_package_information.package_discovery:Found 0 installed packages in /home/chloee/advanced-tutorial/install
[0.278s] DEBUG:colcon.colcon_installed_package_information.package_discovery:Found 333 installed packages in /opt/ros/humble
[0.279s] Level 1:colcon.colcon_core.package_discovery:discover_packages(prefix_path) using defaults
[0.308s] Level 5:colcon.colcon_core.verb:set package 'my_cpp_pkg' build argument 'cmake_args' from command line to 'None'
[0.308s] Level 5:colcon.colcon_core.verb:set package 'my_cpp_pkg' build argument 'cmake_target' from command line to 'None'
[0.308s] Level 5:colcon.colcon_core.verb:set package 'my_cpp_pkg' build argument 'cmake_target_skip_unavailable' from command line to 'False'
[0.308s] Level 5:colcon.colcon_core.verb:set package 'my_cpp_pkg' build argument 'cmake_clean_cache' from command line to 'False'
[0.308s] Level 5:colcon.colcon_core.verb:set package 'my_cpp_pkg' build argument 'cmake_clean_first' from command line to 'False'
[0.308s] Level 5:colcon.colcon_core.verb:set package 'my_cpp_pkg' build argument 'cmake_force_configure' from command line to 'False'
[0.308s] Level 5:colcon.colcon_core.verb:set package 'my_cpp_pkg' build argument 'ament_cmake_args' from command line to 'None'
[0.308s] Level 5:colcon.colcon_core.verb:set package 'my_cpp_pkg' build argument 'catkin_cmake_args' from command line to 'None'
[0.308s] Level 5:colcon.colcon_core.verb:set package 'my_cpp_pkg' build argument 'catkin_skip_building_tests' from command line to 'False'
[0.308s] DEBUG:colcon.colcon_core.verb:Building package 'my_cpp_pkg' with the following arguments: {'ament_cmake_args': None, 'build_base': '/home/chloee/advanced-tutorial/build/my_cpp_pkg', 'catkin_cmake_args': None, 'catkin_skip_building_tests': False, 'cmake_args': None, 'cmake_clean_cache': False, 'cmake_clean_first': False, 'cmake_force_configure': False, 'cmake_target': None, 'cmake_target_skip_unavailable': False, 'install_base': '/home/chloee/advanced-tutorial/install/my_cpp_pkg', 'merge_install': False, 'path': '/home/chloee/advanced-tutorial/src/homework', 'symlink_install': False, 'test_result_base': None}
[0.308s] INFO:colcon.colcon_core.executor:Executing jobs using 'parallel' executor
[0.309s] DEBUG:colcon.colcon_parallel_executor.executor.parallel:run_until_complete
[0.309s] INFO:colcon.colcon_ros.task.ament_cmake.build:Building ROS package in '/home/chloee/advanced-tutorial/src/homework' with build type 'ament_cmake'
[0.310s] INFO:colcon.colcon_cmake.task.cmake.build:Building CMake package in '/home/chloee/advanced-tutorial/src/homework'
[0.311s] INFO:colcon.colcon_core.plugin_system:Skipping extension 'colcon_core.shell.bat': Not used on non-Windows systems
[0.311s] INFO:colcon.colcon_core.shell:Skip shell extension 'powershell' for command environment: Not usable outside of PowerShell
[0.311s] DEBUG:colcon.colcon_core.shell:Skip shell extension 'dsv' for command environment
[0.317s] DEBUG:colcon.colcon_core.event_handler.log_command:Invoking command in '/home/chloee/advanced-tutorial/build/my_cpp_pkg': CMAKE_PREFIX_PATH=${CMAKE_PREFIX_PATH}:/opt/ros/humble /usr/bin/cmake /home/chloee/advanced-tutorial/src/homework -DCMAKE_INSTALL_PREFIX=/home/chloee/advanced-tutorial/install/my_cpp_pkg
[1.281s] DEBUG:colcon.colcon_core.event_handler.log_command:Invoked command in '/home/chloee/advanced-tutorial/build/my_cpp_pkg' returned '0': CMAKE_PREFIX_PATH=${CMAKE_PREFIX_PATH}:/opt/ros/humble /usr/bin/cmake /home/chloee/advanced-tutorial/src/homework -DCMAKE_INSTALL_PREFIX=/home/chloee/advanced-tutorial/install/my_cpp_pkg
[1.283s] DEBUG:colcon.colcon_core.event_handler.log_command:Invoking command in '/home/chloee/advanced-tutorial/build/my_cpp_pkg': CMAKE_PREFIX_PATH=${CMAKE_PREFIX_PATH}:/opt/ros/humble /usr/bin/cmake --build /home/chloee/advanced-tutorial/build/my_cpp_pkg -- -j8 -l8
[11.257s] DEBUG:colcon.colcon_core.event_handler.log_command:Invoked command in '/home/chloee/advanced-tutorial/build/my_cpp_pkg' returned '0': CMAKE_PREFIX_PATH=${CMAKE_PREFIX_PATH}:/opt/ros/humble /usr/bin/cmake --build /home/chloee/advanced-tutorial/build/my_cpp_pkg -- -j8 -l8
[11.278s] DEBUG:colcon.colcon_core.event_handler.log_command:Invoking command in '/home/chloee/advanced-tutorial/build/my_cpp_pkg': CMAKE_PREFIX_PATH=${CMAKE_PREFIX_PATH}:/opt/ros/humble /usr/bin/cmake --install /home/chloee/advanced-tutorial/build/my_cpp_pkg
[11.288s] Level 1:colcon.colcon_core.environment:create_environment_scripts_only(my_cpp_pkg)
[11.289s] DEBUG:colcon.colcon_core.event_handler.log_command:Invoked command in '/home/chloee/advanced-tutorial/build/my_cpp_pkg' returned '0': CMAKE_PREFIX_PATH=${CMAKE_PREFIX_PATH}:/opt/ros/humble /usr/bin/cmake --install /home/chloee/advanced-tutorial/build/my_cpp_pkg
[11.293s] Level 1:colcon.colcon_core.environment:checking '/home/chloee/advanced-tutorial/install/my_cpp_pkg' for CMake module files
[11.293s] Level 1:colcon.colcon_core.environment:checking '/home/chloee/advanced-tutorial/install/my_cpp_pkg' for CMake config files
[11.294s] Level 1:colcon.colcon_core.shell:create_environment_hook('my_cpp_pkg', 'cmake_prefix_path')
[11.294s] INFO:colcon.colcon_core.shell:Creating environment hook '/home/chloee/advanced-tutorial/install/my_cpp_pkg/share/my_cpp_pkg/hook/cmake_prefix_path.ps1'
[11.295s] INFO:colcon.colcon_core.shell:Creating environment descriptor '/home/chloee/advanced-tutorial/install/my_cpp_pkg/share/my_cpp_pkg/hook/cmake_prefix_path.dsv'
[11.295s] INFO:colcon.colcon_core.shell:Creating environment hook '/home/chloee/advanced-tutorial/install/my_cpp_pkg/share/my_cpp_pkg/hook/cmake_prefix_path.sh'
[11.296s] Level 1:colcon.colcon_core.environment:checking '/home/chloee/advanced-tutorial/install/my_cpp_pkg/lib'
[11.296s] Level 1:colcon.colcon_core.environment:checking '/home/chloee/advanced-tutorial/install/my_cpp_pkg/bin'
[11.296s] Level 1:colcon.colcon_core.environment:checking '/home/chloee/advanced-tutorial/install/my_cpp_pkg/lib/pkgconfig/my_cpp_pkg.pc'
[11.296s] Level 1:colcon.colcon_core.environment:checking '/home/chloee/advanced-tutorial/install/my_cpp_pkg/lib/python3.10/site-packages'
[11.297s] Level 1:colcon.colcon_core.environment:checking '/home/chloee/advanced-tutorial/install/my_cpp_pkg/bin'
[11.297s] INFO:colcon.colcon_core.shell:Creating package script '/home/chloee/advanced-tutorial/install/my_cpp_pkg/share/my_cpp_pkg/package.ps1'
[11.297s] INFO:colcon.colcon_core.shell:Creating package descriptor '/home/chloee/advanced-tutorial/install/my_cpp_pkg/share/my_cpp_pkg/package.dsv'
[11.298s] INFO:colcon.colcon_core.shell:Creating package script '/home/chloee/advanced-tutorial/install/my_cpp_pkg/share/my_cpp_pkg/package.sh'
[11.298s] INFO:colcon.colcon_core.shell:Creating package script '/home/chloee/advanced-tutorial/install/my_cpp_pkg/share/my_cpp_pkg/package.bash'
[11.299s] INFO:colcon.colcon_core.shell:Creating package script '/home/chloee/advanced-tutorial/install/my_cpp_pkg/share/my_cpp_pkg/package.zsh'
[11.300s] Level 1:colcon.colcon_core.environment:create_file_with_runtime_dependencies(/home/chloee/advanced-tutorial/install/my_cpp_pkg/share/colcon-core/packages/my_cpp_pkg)
[11.315s] Level 1:colcon.colcon_core.environment:create_environment_scripts_only(my_cpp_pkg)
[11.315s] Level 1:colcon.colcon_core.environment:checking '/home/chloee/advanced-tutorial/install/my_cpp_pkg' for CMake module files
[11.315s] Level 1:colcon.colcon_core.environment:checking '/home/chloee/advanced-tutorial/install/my_cpp_pkg' for CMake config files
[11.316s] Level 1:colcon.colcon_core.shell:create_environment_hook('my_cpp_pkg', 'cmake_prefix_path')
[11.316s] INFO:colcon.colcon_core.shell:Creating environment hook '/home/chloee/advanced-tutorial/install/my_cpp_pkg/share/my_cpp_pkg/hook/cmake_prefix_path.ps1'
[11.316s] INFO:colcon.colcon_core.shell:Creating environment descriptor '/home/chloee/advanced-tutorial/install/my_cpp_pkg/share/my_cpp_pkg/hook/cmake_prefix_path.dsv'
[11.317s] INFO:colcon.colcon_core.shell:Creating environment hook '/home/chloee/advanced-tutorial/install/my_cpp_pkg/share/my_cpp_pkg/hook/cmake_prefix_path.sh'
[11.317s] Level 1:colcon.colcon_core.environment:checking '/home/chloee/advanced-tutorial/install/my_cpp_pkg/lib'
[11.317s] Level 1:colcon.colcon_core.environment:checking '/home/chloee/advanced-tutorial/install/my_cpp_pkg/bin'
[11.317s] Level 1:colcon.colcon_core.environment:checking '/home/chloee/advanced-tutorial/install/my_cpp_pkg/lib/pkgconfig/my_cpp_pkg.pc'
[11.317s] Level 1:colcon.colcon_core.environment:checking '/home/chloee/advanced-tutorial/install/my_cpp_pkg/lib/python3.10/site-packages'
[11.317s] Level 1:colcon.colcon_core.environment:checking '/home/chloee/advanced-tutorial/install/my_cpp_pkg/bin'
[11.318s] INFO:colcon.colcon_core.shell:Creating package script '/home/chloee/advanced-tutorial/install/my_cpp_pkg/share/my_cpp_pkg/package.ps1'
[11.318s] INFO:colcon.colcon_core.shell:Creating package descriptor '/home/chloee/advanced-tutorial/install/my_cpp_pkg/share/my_cpp_pkg/package.dsv'
[11.318s] INFO:colcon.colcon_core.shell:Creating package script '/home/chloee/advanced-tutorial/install/my_cpp_pkg/share/my_cpp_pkg/package.sh'
[11.318s] INFO:colcon.colcon_core.shell:Creating package script '/home/chloee/advanced-tutorial/install/my_cpp_pkg/share/my_cpp_pkg/package.bash'
[11.319s] INFO:colcon.colcon_core.shell:Creating package script '/home/chloee/advanced-tutorial/install/my_cpp_pkg/share/my_cpp_pkg/package.zsh'
[11.319s] Level 1:colcon.colcon_core.environment:create_file_with_runtime_dependencies(/home/chloee/advanced-tutorial/install/my_cpp_pkg/share/colcon-core/packages/my_cpp_pkg)
[11.319s] DEBUG:colcon.colcon_parallel_executor.executor.parallel:closing loop
[11.319s] DEBUG:colcon.colcon_parallel_executor.executor.parallel:loop closed
[11.319s] DEBUG:colcon.colcon_parallel_executor.executor.parallel:run_until_complete finished with '0'
[11.319s] DEBUG:colcon.colcon_core.event_reactor:joining thread
[11.323s] INFO:colcon.colcon_core.plugin_system:Skipping extension 'colcon_notification.desktop_notification.terminal_notifier': Not used on non-Darwin systems
[11.323s] INFO:colcon.colcon_core.plugin_system:Skipping extension 'colcon_notification.desktop_notification.win32': Not used on non-Windows systems
[11.323s] INFO:colcon.colcon_notification.desktop_notification:Sending desktop notification using 'notify2'
[11.337s] DEBUG:colcon.colcon_core.event_reactor:joined thread
[11.337s] INFO:colcon.colcon_core.shell:Creating prefix script '/home/chloee/advanced-tutorial/install/local_setup.ps1'
[11.339s] INFO:colcon.colcon_core.shell:Creating prefix util module '/home/chloee/advanced-tutorial/install/_local_setup_util_ps1.py'
[11.341s] INFO:colcon.colcon_core.shell:Creating prefix chain script '/home/chloee/advanced-tutorial/install/setup.ps1'
[11.342s] INFO:colcon.colcon_core.shell:Creating prefix script '/home/chloee/advanced-tutorial/install/local_setup.sh'
[11.342s] INFO:colcon.colcon_core.shell:Creating prefix util module '/home/chloee/advanced-tutorial/install/_local_setup_util_sh.py'
[11.343s] INFO:colcon.colcon_core.shell:Creating prefix chain script '/home/chloee/advanced-tutorial/install/setup.sh'
[11.344s] INFO:colcon.colcon_core.shell:Creating prefix script '/home/chloee/advanced-tutorial/install/local_setup.bash'
[11.344s] INFO:colcon.colcon_core.shell:Creating prefix chain script '/home/chloee/advanced-tutorial/install/setup.bash'
[11.345s] INFO:colcon.colcon_core.shell:Creating prefix script '/home/chloee/advanced-tutorial/install/local_setup.zsh'
[11.346s] INFO:colcon.colcon_core.shell:Creating prefix chain script '/home/chloee/advanced-tutorial/install/setup.zsh'
