[0.007s] Invoking command in '/home/chloee/advanced-tutorial/build/my_cpp_pkg': CMAKE_PREFIX_PATH=${CMAKE_PREFIX_PATH}:/opt/ros/humble /usr/bin/cmake /home/chloee/advanced-tutorial/src/homework -DCMAKE_INSTALL_PREFIX=/home/chloee/advanced-tutorial/install/my_cpp_pkg
[0.098s] -- The C compiler identification is GNU 11.4.0
[0.168s] -- The CXX compiler identification is GNU 11.4.0
[0.180s] -- Detecting C compiler ABI info
[0.228s] -- Detecting C compiler ABI info - done
[0.235s] -- Check for working C compiler: /usr/lib/ccache/cc - skipped
[0.235s] -- Detecting C compile features
[0.235s] -- Detecting C compile features - done
[0.238s] -- Detecting CXX compiler ABI info
[0.286s] -- Detecting CXX compiler ABI info - done
[0.291s] -- Check for working CXX compiler: /usr/lib/ccache/c++ - skipped
[0.292s] -- Detecting CXX compile features
[0.292s] -- Detecting CXX compile features - done
[0.300s] -- Found ament_cmake: 1.3.10 (/opt/ros/humble/share/ament_cmake/cmake)
[0.402s] -- Found Python3: /usr/bin/python3 (found version "3.10.12") found components: Interpreter 
[0.467s] -- Found geometry_msgs: 4.2.4 (/opt/ros/humble/share/geometry_msgs/cmake)
[0.497s] -- Found rosidl_generator_c: 3.1.5 (/opt/ros/humble/share/rosidl_generator_c/cmake)
[0.501s] -- Found rosidl_adapter: 3.1.5 (/opt/ros/humble/share/rosidl_adapter/cmake)
[0.507s] -- Found rosidl_generator_cpp: 3.1.5 (/opt/ros/humble/share/rosidl_generator_cpp/cmake)
[0.518s] -- Using all available rosidl_typesupport_c: rosidl_typesupport_fastrtps_c;rosidl_typesupport_introspection_c
[0.531s] -- Using all available rosidl_typesupport_cpp: rosidl_typesupport_fastrtps_cpp;rosidl_typesupport_introspection_cpp
[0.560s] -- Found rclcpp: 16.0.10 (/opt/ros/humble/share/rclcpp/cmake)
[0.589s] -- Found rmw_implementation_cmake: 6.1.2 (/opt/ros/humble/share/rmw_implementation_cmake/cmake)
[0.591s] -- Found rmw_fastrtps_cpp: 6.2.7 (/opt/ros/humble/share/rmw_fastrtps_cpp/cmake)
[0.654s] -- Found OpenSSL: /usr/lib/x86_64-linux-gnu/libcrypto.so (found version "3.0.2")  
[0.675s] -- Found FastRTPS: /opt/ros/humble/include  
[0.704s] -- Using RMW implementation 'rmw_fastrtps_cpp' as default
[0.712s] -- Looking for pthread.h
[0.772s] -- Looking for pthread.h - found
[0.772s] -- Performing Test CMAKE_HAVE_LIBC_PTHREAD
[0.834s] -- Performing Test CMAKE_HAVE_LIBC_PTHREAD - Success
[0.835s] -- Found Threads: TRUE  
[0.869s] -- Found sensor_msgs: 4.2.4 (/opt/ros/humble/share/sensor_msgs/cmake)
[0.883s] -- Found ros_gz_interfaces: 0.244.11 (/opt/ros/humble/share/ros_gz_interfaces/cmake)
[0.897s] -- Found ament_lint_auto: 0.12.11 (/opt/ros/humble/share/ament_lint_auto/cmake)
[0.955s] -- Added test 'cppcheck' to perform static code analysis on C / C++ code
[0.955s] -- Configured cppcheck include dirs: 
[0.955s] -- Configured cppcheck exclude dirs and/or files: 
[0.956s] -- Added test 'lint_cmake' to check CMake code style
[0.957s] -- Added test 'uncrustify' to check C / C++ code style
[0.957s] -- Configured uncrustify additional arguments: 
[0.957s] -- Added test 'xmllint' to check XML markup files
[0.958s] -- Configuring done
[0.964s] -- Generating done
[0.965s] -- Build files have been written to: /home/chloee/advanced-tutorial/build/my_cpp_pkg
[0.971s] Invoked command in '/home/chloee/advanced-tutorial/build/my_cpp_pkg' returned '0': CMAKE_PREFIX_PATH=${CMAKE_PREFIX_PATH}:/opt/ros/humble /usr/bin/cmake /home/chloee/advanced-tutorial/src/homework -DCMAKE_INSTALL_PREFIX=/home/chloee/advanced-tutorial/install/my_cpp_pkg
[0.973s] Invoking command in '/home/chloee/advanced-tutorial/build/my_cpp_pkg': CMAKE_PREFIX_PATH=${CMAKE_PREFIX_PATH}:/opt/ros/humble /usr/bin/cmake --build /home/chloee/advanced-tutorial/build/my_cpp_pkg -- -j8 -l8
[1.005s] [ 50%] [32mBuilding CXX object CMakeFiles/control.dir/src/control.cpp.o[0m
[10.387s] [100%] [32m[1mLinking CXX executable control[0m
[10.935s] [100%] Built target control
[10.947s] Invoked command in '/home/chloee/advanced-tutorial/build/my_cpp_pkg' returned '0': CMAKE_PREFIX_PATH=${CMAKE_PREFIX_PATH}:/opt/ros/humble /usr/bin/cmake --build /home/chloee/advanced-tutorial/build/my_cpp_pkg -- -j8 -l8
[10.969s] Invoking command in '/home/chloee/advanced-tutorial/build/my_cpp_pkg': CMAKE_PREFIX_PATH=${CMAKE_PREFIX_PATH}:/opt/ros/humble /usr/bin/cmake --install /home/chloee/advanced-tutorial/build/my_cpp_pkg
[10.973s] -- Install configuration: ""
[10.973s] -- Installing: /home/chloee/advanced-tutorial/install/my_cpp_pkg/lib/my_cpp_pkg/control
[10.977s] -- Set runtime path of "/home/chloee/advanced-tutorial/install/my_cpp_pkg/lib/my_cpp_pkg/control" to ""
[10.977s] -- Installing: /home/chloee/advanced-tutorial/install/my_cpp_pkg/share/ament_index/resource_index/package_run_dependencies/my_cpp_pkg
[10.977s] -- Installing: /home/chloee/advanced-tutorial/install/my_cpp_pkg/share/ament_index/resource_index/parent_prefix_path/my_cpp_pkg
[10.977s] -- Installing: /home/chloee/advanced-tutorial/install/my_cpp_pkg/share/my_cpp_pkg/environment/ament_prefix_path.sh
[10.977s] -- Installing: /home/chloee/advanced-tutorial/install/my_cpp_pkg/share/my_cpp_pkg/environment/ament_prefix_path.dsv
[10.977s] -- Installing: /home/chloee/advanced-tutorial/install/my_cpp_pkg/share/my_cpp_pkg/environment/path.sh
[10.977s] -- Installing: /home/chloee/advanced-tutorial/install/my_cpp_pkg/share/my_cpp_pkg/environment/path.dsv
[10.977s] -- Installing: /home/chloee/advanced-tutorial/install/my_cpp_pkg/share/my_cpp_pkg/local_setup.bash
[10.977s] -- Installing: /home/chloee/advanced-tutorial/install/my_cpp_pkg/share/my_cpp_pkg/local_setup.sh
[10.977s] -- Installing: /home/chloee/advanced-tutorial/install/my_cpp_pkg/share/my_cpp_pkg/local_setup.zsh
[10.978s] -- Installing: /home/chloee/advanced-tutorial/install/my_cpp_pkg/share/my_cpp_pkg/local_setup.dsv
[10.978s] -- Installing: /home/chloee/advanced-tutorial/install/my_cpp_pkg/share/my_cpp_pkg/package.dsv
[10.978s] -- Installing: /home/chloee/advanced-tutorial/install/my_cpp_pkg/share/ament_index/resource_index/packages/my_cpp_pkg
[10.978s] -- Installing: /home/chloee/advanced-tutorial/install/my_cpp_pkg/share/my_cpp_pkg/cmake/my_cpp_pkgConfig.cmake
[10.978s] -- Installing: /home/chloee/advanced-tutorial/install/my_cpp_pkg/share/my_cpp_pkg/cmake/my_cpp_pkgConfig-version.cmake
[10.978s] -- Installing: /home/chloee/advanced-tutorial/install/my_cpp_pkg/share/my_cpp_pkg/package.xml
[10.979s] Invoked command in '/home/chloee/advanced-tutorial/build/my_cpp_pkg' returned '0': CMAKE_PREFIX_PATH=${CMAKE_PREFIX_PATH}:/opt/ros/humble /usr/bin/cmake --install /home/chloee/advanced-tutorial/build/my_cpp_pkg
